INFO: [VRFC 10-2263] Analyzing Verilog file "C:/Users/DurkusMaximus/Desktop/Xilinx/BldcDriver/BldcDriver.srcs/sources_1/imports/Common/SegmentDisplay.v" into library xil_defaultlib
INFO: [VRFC 10-311] analyzing module SegmentDisplay
INFO: [VRFC 10-2263] Analyzing Verilog file "C:/Users/DurkusMaximus/Desktop/Xilinx/BldcDriver/BldcDriver.srcs/sources_1/imports/Common/SquareWave.v" into library xil_defaultlib
INFO: [VRFC 10-311] analyzing module SquareWave
INFO: [VRFC 10-2263] Analyzing Verilog file "C:/Users/DurkusMaximus/Desktop/Xilinx/BldcDriver/BldcDriver.srcs/sources_1/new/BldcDriver.v" into library xil_defaultlib
INFO: [VRFC 10-311] analyzing module BldcDriver
INFO: [VRFC 10-2263] Analyzing Verilog file "C:/Users/DurkusMaximus/Desktop/Xilinx/BldcDriver/BldcDriver.srcs/sources_1/imports/Common/Debouncer.v" into library xil_defaultlib
INFO: [VRFC 10-311] analyzing module Debouncer
INFO: [VRFC 10-2263] Analyzing Verilog file "C:/Users/DurkusMaximus/Desktop/Xilinx/BldcDriver/BldcDriver.srcs/sources_1/new/SetValue.v" into library xil_defaultlib
INFO: [VRFC 10-311] analyzing module SetValue
INFO: [VRFC 10-2263] Analyzing Verilog file "C:/Users/DurkusMaximus/Desktop/Xilinx/BldcDriver/BldcDriver.srcs/sources_1/imports/Common/UartIn.v" into library xil_defaultlib
INFO: [VRFC 10-311] analyzing module UartIn
INFO: [VRFC 10-2263] Analyzing Verilog file "C:/Users/DurkusMaximus/Desktop/Xilinx/BldcDriver/BldcDriver.srcs/sources_1/imports/Common/UartOut.v" into library xil_defaultlib
INFO: [VRFC 10-311] analyzing module UartOut
INFO: [VRFC 10-2263] Analyzing Verilog file "C:/Users/DurkusMaximus/Desktop/Xilinx/BldcDriver/BldcDriver.srcs/sources_1/new/BldcUart.v" into library xil_defaultlib
INFO: [VRFC 10-311] analyzing module BldcUart
INFO: [VRFC 10-2263] Analyzing Verilog file "C:/Users/DurkusMaximus/Desktop/Xilinx/BldcDriver/BldcDriver.srcs/sources_1/new/BldcController.v" into library xil_defaultlib
INFO: [VRFC 10-311] analyzing module BldcController
INFO: [VRFC 10-2263] Analyzing Verilog file "C:/Users/DurkusMaximus/Desktop/Xilinx/BldcDriver/BldcDriver.srcs/sources_1/imports/Common/GhzPll.v" into library xil_defaultlib
INFO: [VRFC 10-311] analyzing module GhzPll
INFO: [VRFC 10-2263] Analyzing Verilog file "C:/Users/DurkusMaximus/Desktop/Xilinx/BldcDriver/BldcDriver.srcs/sources_1/new/ModuatePwm.v" into library xil_defaultlib
INFO: [VRFC 10-311] analyzing module ModulatePwm
INFO: [VRFC 10-2263] Analyzing Verilog file "C:/Users/DurkusMaximus/Desktop/Xilinx/BldcDriver/BldcDriver.srcs/sources_1/new/ModulateBldc.v" into library xil_defaultlib
INFO: [VRFC 10-311] analyzing module ModulateBldc
