Copyright 1986-2022 Xilinx, Inc. All Rights Reserved. Copyright 2022-2023 Advanced Micro Devices, Inc. All Rights Reserved.
---------------------------------------------------------------------------------------------------------------------------------------------
| Tool Version : Vivado v.2023.1 (win64) Build 3865809 Sun May  7 15:05:29 MDT 2023
| Date         : Fri Sep 15 13:37:13 2023
| Host         : DESKTOP-B5G40IL running 64-bit major release  (build 9200)
| Command      : report_control_sets -verbose -file Proto_control_sets_placed.rpt
| Design       : Proto
| Device       : xc7a35t
---------------------------------------------------------------------------------------------------------------------------------------------

Control Set Information

Table of Contents
-----------------
1. Summary
2. Histogram
3. Flip-Flop Distribution
4. Detailed Control Set Information

1. Summary
----------

+----------------------------------------------------------+-------+
|                          Status                          | Count |
+----------------------------------------------------------+-------+
| Total control sets                                       |    38 |
|    Minimum number of control sets                        |    38 |
|    Addition due to synthesis replication                 |     0 |
|    Addition due to physical synthesis replication        |     0 |
| Unused register locations in slices containing registers |   159 |
+----------------------------------------------------------+-------+
* Control sets can be merged at opt_design using control_set_merge or merge_equivalent_drivers
** Run report_qor_suggestions for automated merging and remapping suggestions


2. Histogram
------------

+--------------------+-------+
|       Fanout       | Count |
+--------------------+-------+
| Total control sets |    38 |
| >= 0 to < 4        |    14 |
| >= 4 to < 6        |     6 |
| >= 6 to < 8        |     2 |
| >= 8 to < 10       |     5 |
| >= 10 to < 12      |     5 |
| >= 12 to < 14      |     2 |
| >= 14 to < 16      |     0 |
| >= 16              |     4 |
+--------------------+-------+
* Control sets can be remapped at either synth_design or opt_design


3. Flip-Flop Distribution
-------------------------

+--------------+-----------------------+------------------------+-----------------+--------------+
| Clock Enable | Synchronous Set/Reset | Asynchronous Set/Reset | Total Registers | Total Slices |
+--------------+-----------------------+------------------------+-----------------+--------------+
| No           | No                    | No                     |              63 |           27 |
| No           | No                    | Yes                    |               0 |            0 |
| No           | Yes                   | No                     |              26 |            8 |
| Yes          | No                    | No                     |             152 |           86 |
| Yes          | No                    | Yes                    |               0 |            0 |
| Yes          | Yes                   | No                     |              56 |           22 |
+--------------+-----------------------+------------------------+-----------------+--------------+


4. Detailed Control Set Information
-----------------------------------

+-----------------+----------------------------------+----------------------------------+------------------+----------------+--------------+
|   Clock Signal  |           Enable Signal          |         Set/Reset Signal         | Slice Load Count | Bel Load Count | Bels / Slice |
+-----------------+----------------------------------+----------------------------------+------------------+----------------+--------------+
|  CLKOUT_48_BUFG | uout/RsTx_i_1_n_0                |                                  |                1 |              1 |         1.00 |
|  CLKOUT_48_BUFG | segDisp/counter0                 | segDisp/an[1]_i_1_n_0            |                1 |              1 |         1.00 |
|  CLKOUT_48_BUFG | uin/p_0_in[7]                    |                                  |                1 |              1 |         1.00 |
|  CLKOUT_48_BUFG | uin/p_0_in[6]                    |                                  |                1 |              1 |         1.00 |
|  CLKOUT_48_BUFG | uin/p_0_in[5]                    |                                  |                1 |              1 |         1.00 |
|  CLKOUT_48_BUFG | uin/p_0_in[4]                    |                                  |                1 |              1 |         1.00 |
|  CLKOUT_48_BUFG | uin/p_0_in[2]                    |                                  |                1 |              1 |         1.00 |
|  CLKOUT_48_BUFG | uin/p_0_in[0]                    |                                  |                1 |              1 |         1.00 |
|  CLKOUT_48_BUFG | uin/p_0_in[1]                    |                                  |                1 |              1 |         1.00 |
|  CLKOUT_48_BUFG | uin/p_0_in[3]                    |                                  |                1 |              1 |         1.00 |
|  CLKOUT_48_BUFG | segDisp/seg[6]_i_2_n_0           | segDisp/seg[6]_i_1_n_0           |                1 |              1 |         1.00 |
|  CLKOUT_48_BUFG | segDisp/counter0                 |                                  |                2 |              2 |         1.00 |
|  CLKOUT_48_BUFG | segDisp/counter0                 | segDisp/an[2]_i_1_n_0            |                1 |              2 |         2.00 |
|  CLKOUT_48_BUFG | uin/sel                          |                                  |                1 |              3 |         3.00 |
|  CLKOUT_48_BUFG | uout/sel                         |                                  |                1 |              4 |         4.00 |
|  CLKOUT_48_BUFG | uin/state[3]_i_1_n_0             |                                  |                1 |              4 |         4.00 |
|  CLKOUT_48_BUFG | bldcUart/state                   |                                  |                2 |              5 |         2.50 |
|  CLKOUT_48_BUFG | bldcUart/msgBuffer[6][4]_i_1_n_0 |                                  |                4 |              5 |         1.25 |
|  CLKOUT_48_BUFG | bldcUart/btnsReg[4]_i_1_n_0      |                                  |                3 |              5 |         1.67 |
|  CLKOUT_48_BUFG | uout/p_0_in                      |                                  |                2 |              5 |         2.50 |
|  CLKOUT_48_BUFG | segDisp/counter0                 | segDisp/seg[5]_i_1_n_0           |                4 |              6 |         1.50 |
|  CLKOUT_48_BUFG | bldcUart/buffer[0][7]_i_2_n_0    | bldcUart/buffer[0][7]_i_1_n_0    |                1 |              6 |         6.00 |
|  CLKOUT_48_BUFG | bldcUart/msgBuffer[1][7]_i_2_n_0 | bldcUart/msgBuffer[1][7]_i_1_n_0 |                4 |              8 |         2.00 |
|  CLKOUT_48_BUFG | bldcUart/msgBuffer[0][7]_i_1_n_0 | bldcUart/msgBuffer[1][7]_i_1_n_0 |                3 |              8 |         2.67 |
|  CLKOUT_48_BUFG | bldcUart/buffer[3][7]_i_2_n_0    | bldcUart/buffer[3][7]_i_1_n_0    |                2 |              8 |         4.00 |
|  CLKOUT_48_BUFG | bldcUart/asciiVal[7]_i_1_n_0     |                                  |                3 |              8 |         2.67 |
|  CLKOUT_48_BUFG | bldcUart/msgBuffer[2][7]_i_1_n_0 |                                  |                6 |              8 |         1.33 |
|  CLKOUT_48_BUFG | rpmData                          |                                  |                5 |             10 |         2.00 |
|  CLKOUT_48_BUFG | bldcUart/ampData[9]_i_1_n_0      |                                  |                3 |             10 |         3.33 |
|  CLKOUT_48_BUFG | bldcUart/rpmData[9]_i_1_n_0      |                                  |                4 |             10 |         2.50 |
|  CLKOUT_48_BUFG | bldcUart/setData1024[10]_i_1_n_0 |                                  |                6 |             11 |         1.83 |
|  CLKOUT_48_BUFG | bldcUart/msgBuffer[4][3]_i_1_n_0 |                                  |                7 |             11 |         1.57 |
|  CLKOUT_48_BUFG |                                  | uout/counter[0]_i_1_n_0          |                4 |             13 |         3.25 |
|  CLKOUT_48_BUFG |                                  | uin/counter[0]_i_1_n_0           |                4 |             13 |         3.25 |
|  CLKOUT_48_BUFG | bldcUart/buffer[1][7]_i_2_n_0    | bldcUart/buffer[1][7]_i_1_n_0    |                5 |             16 |         3.20 |
|  CLKOUT_48_BUFG | ampData                          |                                  |               11 |             18 |         1.64 |
|  CLKOUT_48_BUFG | bldcUart/setData[9]_rep_i_1_n_0  |                                  |               16 |             24 |         1.50 |
|  CLKOUT_48_BUFG |                                  |                                  |               27 |             63 |         2.33 |
+-----------------+----------------------------------+----------------------------------+------------------+----------------+--------------+


